2021-11-15 19:49:35,238:INFO:PyCaret Supervised Module
2021-11-15 19:49:35,238:INFO:ML Usecase: classification
2021-11-15 19:49:35,239:INFO:version 2.3.4
2021-11-15 19:49:35,239:INFO:Initializing setup()
2021-11-15 19:49:35,239:INFO:setup(target=Response, ml_usecase=classification, available_plots={'parameter': 'Hyperparameters', 'auc': 'AUC', 'confusion_matrix': 'Confusion Matrix', 'threshold': 'Threshold', 'pr': 'Precision Recall', 'error': 'Prediction Error', 'class_report': 'Class Report', 'rfe': 'Feature Selection', 'learning': 'Learning Curve', 'manifold': 'Manifold Learning', 'calibration': 'Calibration Curve', 'vc': 'Validation Curve', 'dimension': 'Dimensions', 'feature': 'Feature Importance', 'feature_all': 'Feature Importance (All)', 'boundary': 'Decision Boundary', 'lift': 'Lift Chart', 'gain': 'Gain Chart', 'tree': 'Decision Tree', 'ks': 'KS Statistic Plot'}, train_size=0.7, test_data=None, preprocess=True, imputation_type=simple, iterative_imputation_iters=5, categorical_features=None, categorical_imputation=constant, categorical_iterative_imputer=lightgbm, ordinal_features=None, high_cardinality_features=None, high_cardinality_method=frequency, numeric_features=None, numeric_imputation=mean, numeric_iterative_imputer=lightgbm, date_features=None, ignore_features=None, normalize=False, normalize_method=zscore, transformation=False, transformation_method=yeo-johnson, handle_unknown_categorical=True, unknown_categorical_method=least_frequent, pca=False, pca_method=linear, pca_components=None, ignore_low_variance=False, combine_rare_levels=False, rare_level_threshold=0.1, bin_numeric_features=None, remove_outliers=False, outliers_threshold=0.05, remove_multicollinearity=False, multicollinearity_threshold=0.9, remove_perfect_collinearity=True, create_clusters=False, cluster_iter=20, polynomial_features=False, polynomial_degree=2, trigonometry_features=False, polynomial_threshold=0.1, group_features=None, group_names=None, feature_selection=False, feature_selection_threshold=0.8, feature_selection_method=classic, feature_interaction=False, feature_ratio=False, interaction_threshold=0.01, fix_imbalance=False, fix_imbalance_method=None, transform_target=False, transform_target_method=box-cox, data_split_shuffle=True, data_split_stratify=False, fold_strategy=stratifiedkfold, fold=10, fold_shuffle=False, fold_groups=None, n_jobs=-1, use_gpu=False, custom_pipeline=None, html=True, session_id=None, log_experiment=False, experiment_name=None, log_plots=False, log_profile=False, log_data=False, silent=False, verbose=True, profile=False, profile_kwargs=None, display=None)
2021-11-15 19:49:35,240:INFO:Checking environment
2021-11-15 19:49:35,240:INFO:python_version: 3.8.5
2021-11-15 19:49:35,241:INFO:python_build: ('default', 'Aug  5 2020 09:44:06')
2021-11-15 19:49:35,241:INFO:machine: AMD64
2021-11-15 19:49:35,242:INFO:platform: Windows-10-10.0.19041-SP0
2021-11-15 19:49:35,243:INFO:Memory: svmem(total=3959836672, available=723578880, percent=81.7, used=3236257792, free=723578880)
2021-11-15 19:49:35,243:INFO:Physical Core: 2
2021-11-15 19:49:35,243:INFO:Logical Core: 4
2021-11-15 19:49:35,243:INFO:Checking libraries
2021-11-15 19:49:35,244:INFO:pd==1.1.0
2021-11-15 19:49:35,244:INFO:numpy==1.19.5
2021-11-15 19:49:35,244:INFO:sklearn==0.23.2
2021-11-15 19:49:35,244:INFO:lightgbm==3.3.1
2021-11-15 19:49:35,250:WARNING:catboost not found
2021-11-15 19:49:35,255:WARNING:xgboost not found
2021-11-15 19:49:36,928:INFO:mlflow==1.21.0
2021-11-15 19:49:36,928:INFO:Checking Exceptions
2021-11-15 19:49:36,930:INFO:Declaring global variables
2021-11-15 19:49:36,930:INFO:USI: 4cad
2021-11-15 19:49:36,930:INFO:pycaret_globals: {'X_test', '_internal_pipeline', 'fix_imbalance_param', '_all_models', 'fold_shuffle_param', 'master_model_container', 'transform_target_param', 'y', 'y_train', '_all_metrics', 'data_before_preprocess', 'X', 'html_param', 'stratify_param', 'pycaret_globals', 'prep_pipe', 'create_model_container', 'target_param', 'iterative_imputation_iters_param', 'fold_groups_param', 'seed', 'fold_groups_param_full', 'y_test', 'transform_target_method_param', 'X_train', 'imputation_classifier', 'n_jobs_param', '_available_plots', 'experiment__', '_gpu_n_jobs_param', 'log_plots_param', 'gpu_param', 'fold_param', '_all_models_internal', 'logging_param', 'display_container', 'exp_name_log', 'USI', 'fold_generator', 'imputation_regressor', '_ml_usecase', 'fix_imbalance_method_param'}
2021-11-15 19:49:36,930:INFO:Preparing display monitor
2021-11-15 19:49:36,931:INFO:Preparing display monitor
2021-11-15 19:49:36,954:INFO:Importing libraries
2021-11-15 19:49:36,955:INFO:Copying data for preprocessing
2021-11-15 19:49:36,971:INFO:Declaring preprocessing parameters
2021-11-15 19:49:36,974:INFO:Creating preprocessing pipeline
2021-11-15 19:49:37,002:INFO:Preprocessing pipeline created successfully
2021-11-15 19:49:37,003:ERROR:(Process Exit): setup has been interupted with user command 'quit'. setup must rerun.
2021-11-15 19:49:37,004:INFO:Creating global containers
2021-11-15 19:49:37,007:INFO:Internal pipeline: Pipeline(memory=None, steps=[('empty_step', 'passthrough')], verbose=False)
2021-11-15 19:54:02,316:WARNING:Couldn't import xgboost.XGBClassifier
2021-11-15 19:54:02,319:WARNING:Couldn't import catboost.CatBoostClassifier
2021-11-15 19:54:02,437:WARNING:Couldn't import xgboost.XGBClassifier
2021-11-15 19:54:02,440:WARNING:Couldn't import catboost.CatBoostClassifier
2021-11-15 19:54:02,441:INFO:Creating grid variables
2021-11-15 19:54:02,525:INFO:create_model_container: 0
2021-11-15 19:54:02,526:INFO:master_model_container: 0
2021-11-15 19:54:02,526:INFO:display_container: 1
2021-11-15 19:54:02,539:INFO:Pipeline(memory=None,
         steps=[('dtypes',
                 DataTypes_Auto_infer(categorical_features=[],
                                      display_types=True, features_todrop=[],
                                      id_columns=[],
                                      ml_usecase='classification',
                                      numerical_features=[], target='Response',
                                      time_features=[])),
                ('imputer',
                 Simple_Imputer(categorical_strategy='not_available',
                                fill_value_categorical=None,
                                fill_value_numerical=None,
                                numeric_str...
                ('scaling', 'passthrough'), ('P_transform', 'passthrough'),
                ('binn', 'passthrough'), ('rem_outliers', 'passthrough'),
                ('cluster_all', 'passthrough'),
                ('dummy', Dummify(target='Response')),
                ('fix_perfect', Remove_100(target='Response')),
                ('clean_names', Clean_Colum_Names()),
                ('feature_select', 'passthrough'), ('fix_multi', 'passthrough'),
                ('dfs', 'passthrough'), ('pca', 'passthrough')],
         verbose=False)
2021-11-15 19:54:02,539:INFO:setup() succesfully completed......................................
